  FileName.c
D:\BS\2023\1st\기초프로젝트1(PBL)\팀프로젝트\보고서\쇼핑몰 관리 프로그램\FileName.c(78,22): warning C4133: '함수': 'Cus *'과(와) 'Node *' 사이의 형식이 호환되지 않습니다.
D:\BS\2023\1st\기초프로젝트1(PBL)\팀프로젝트\보고서\쇼핑몰 관리 프로그램\FileName.c(27,3): warning C4996: 'scanf': This function or variable may be unsafe. Consider using scanf_s instead. To disable deprecation, use _CRT_SECURE_NO_WARNINGS. See online help for details.
D:\BS\2023\1st\기초프로젝트1(PBL)\팀프로젝트\보고서\쇼핑몰 관리 프로그램\FileName.c(59,5): warning C4996: 'scanf': This function or variable may be unsafe. Consider using scanf_s instead. To disable deprecation, use _CRT_SECURE_NO_WARNINGS. See online help for details.
D:\BS\2023\1st\기초프로젝트1(PBL)\팀프로젝트\보고서\쇼핑몰 관리 프로그램\FileName.c(106,5): warning C4996: 'scanf': This function or variable may be unsafe. Consider using scanf_s instead. To disable deprecation, use _CRT_SECURE_NO_WARNINGS. See online help for details.
D:\BS\2023\1st\기초프로젝트1(PBL)\팀프로젝트\보고서\쇼핑몰 관리 프로그램\FileName.c(152,8): warning C4996: 'scanf': This function or variable may be unsafe. Consider using scanf_s instead. To disable deprecation, use _CRT_SECURE_NO_WARNINGS. See online help for details.
  funtiton.c
D:\BS\2023\1st\기초프로젝트1(PBL)\팀프로젝트\보고서\쇼핑몰 관리 프로그램\funtiton.c(42,2): warning C4996: 'scanf': This function or variable may be unsafe. Consider using scanf_s instead. To disable deprecation, use _CRT_SECURE_NO_WARNINGS. See online help for details.
D:\BS\2023\1st\기초프로젝트1(PBL)\팀프로젝트\보고서\쇼핑몰 관리 프로그램\funtiton.c(53,2): warning C4996: 'scanf': This function or variable may be unsafe. Consider using scanf_s instead. To disable deprecation, use _CRT_SECURE_NO_WARNINGS. See online help for details.
D:\BS\2023\1st\기초프로젝트1(PBL)\팀프로젝트\보고서\쇼핑몰 관리 프로그램\funtiton.c(55,2): warning C4996: 'scanf': This function or variable may be unsafe. Consider using scanf_s instead. To disable deprecation, use _CRT_SECURE_NO_WARNINGS. See online help for details.
D:\BS\2023\1st\기초프로젝트1(PBL)\팀프로젝트\보고서\쇼핑몰 관리 프로그램\funtiton.c(57,2): warning C4996: 'scanf': This function or variable may be unsafe. Consider using scanf_s instead. To disable deprecation, use _CRT_SECURE_NO_WARNINGS. See online help for details.
D:\BS\2023\1st\기초프로젝트1(PBL)\팀프로젝트\보고서\쇼핑몰 관리 프로그램\funtiton.c(108,2): warning C4996: 'scanf': This function or variable may be unsafe. Consider using scanf_s instead. To disable deprecation, use _CRT_SECURE_NO_WARNINGS. See online help for details.
D:\BS\2023\1st\기초프로젝트1(PBL)\팀프로젝트\보고서\쇼핑몰 관리 프로그램\funtiton.c(120,2): warning C4996: 'scanf': This function or variable may be unsafe. Consider using scanf_s instead. To disable deprecation, use _CRT_SECURE_NO_WARNINGS. See online help for details.
D:\BS\2023\1st\기초프로젝트1(PBL)\팀프로젝트\보고서\쇼핑몰 관리 프로그램\funtiton.c(122,2): warning C4996: 'scanf': This function or variable may be unsafe. Consider using scanf_s instead. To disable deprecation, use _CRT_SECURE_NO_WARNINGS. See online help for details.
D:\BS\2023\1st\기초프로젝트1(PBL)\팀프로젝트\보고서\쇼핑몰 관리 프로그램\funtiton.c(124,2): warning C4996: 'scanf': This function or variable may be unsafe. Consider using scanf_s instead. To disable deprecation, use _CRT_SECURE_NO_WARNINGS. See online help for details.
D:\BS\2023\1st\기초프로젝트1(PBL)\팀프로젝트\보고서\쇼핑몰 관리 프로그램\funtiton.c(147,2): warning C4996: 'scanf': This function or variable may be unsafe. Consider using scanf_s instead. To disable deprecation, use _CRT_SECURE_NO_WARNINGS. See online help for details.
D:\BS\2023\1st\기초프로젝트1(PBL)\팀프로젝트\보고서\쇼핑몰 관리 프로그램\funtiton.c(173,27): warning C4028: 정식 매개 변수 1이(가) 선언과 다릅니다.
D:\BS\2023\1st\기초프로젝트1(PBL)\팀프로젝트\보고서\쇼핑몰 관리 프로그램\funtiton.c(222,2): warning C4996: 'scanf': This function or variable may be unsafe. Consider using scanf_s instead. To disable deprecation, use _CRT_SECURE_NO_WARNINGS. See online help for details.
D:\BS\2023\1st\기초프로젝트1(PBL)\팀프로젝트\보고서\쇼핑몰 관리 프로그램\funtiton.c(224,2): warning C4996: 'scanf': This function or variable may be unsafe. Consider using scanf_s instead. To disable deprecation, use _CRT_SECURE_NO_WARNINGS. See online help for details.
D:\BS\2023\1st\기초프로젝트1(PBL)\팀프로젝트\보고서\쇼핑몰 관리 프로그램\funtiton.c(226,2): warning C4996: 'scanf': This function or variable may be unsafe. Consider using scanf_s instead. To disable deprecation, use _CRT_SECURE_NO_WARNINGS. See online help for details.
D:\BS\2023\1st\기초프로젝트1(PBL)\팀프로젝트\보고서\쇼핑몰 관리 프로그램\funtiton.c(239,3): warning C4033: 'log_in'은(는) 값을 반환해야 합니다.
D:\BS\2023\1st\기초프로젝트1(PBL)\팀프로젝트\보고서\쇼핑몰 관리 프로그램\funtiton.c(299,3): warning C4033: 'log_in'은(는) 값을 반환해야 합니다.
D:\BS\2023\1st\기초프로젝트1(PBL)\팀프로젝트\보고서\쇼핑몰 관리 프로그램\funtiton.c(245,2): warning C4996: 'scanf': This function or variable may be unsafe. Consider using scanf_s instead. To disable deprecation, use _CRT_SECURE_NO_WARNINGS. See online help for details.
D:\BS\2023\1st\기초프로젝트1(PBL)\팀프로젝트\보고서\쇼핑몰 관리 프로그램\funtiton.c(256,4): warning C4996: 'scanf': This function or variable may be unsafe. Consider using scanf_s instead. To disable deprecation, use _CRT_SECURE_NO_WARNINGS. See online help for details.
D:\BS\2023\1st\기초프로젝트1(PBL)\팀프로젝트\보고서\쇼핑몰 관리 프로그램\funtiton.c(261,4): warning C4996: 'scanf': This function or variable may be unsafe. Consider using scanf_s instead. To disable deprecation, use _CRT_SECURE_NO_WARNINGS. See online help for details.
D:\BS\2023\1st\기초프로젝트1(PBL)\팀프로젝트\보고서\쇼핑몰 관리 프로그램\funtiton.c(330,3): warning C4996: 'scanf': This function or variable may be unsafe. Consider using scanf_s instead. To disable deprecation, use _CRT_SECURE_NO_WARNINGS. See online help for details.
D:\BS\2023\1st\기초프로젝트1(PBL)\팀프로젝트\보고서\쇼핑몰 관리 프로그램\funtiton.c(340,5): warning C4996: 'scanf': This function or variable may be unsafe. Consider using scanf_s instead. To disable deprecation, use _CRT_SECURE_NO_WARNINGS. See online help for details.
D:\BS\2023\1st\기초프로젝트1(PBL)\팀프로젝트\보고서\쇼핑몰 관리 프로그램\funtiton.c(345,6): warning C4996: 'scanf': This function or variable may be unsafe. Consider using scanf_s instead. To disable deprecation, use _CRT_SECURE_NO_WARNINGS. See online help for details.
D:\BS\2023\1st\기초프로젝트1(PBL)\팀프로젝트\보고서\쇼핑몰 관리 프로그램\funtiton.c(349,7): warning C4996: 'strcpy': This function or variable may be unsafe. Consider using strcpy_s instead. To disable deprecation, use _CRT_SECURE_NO_WARNINGS. See online help for details.
D:\BS\2023\1st\기초프로젝트1(PBL)\팀프로젝트\보고서\쇼핑몰 관리 프로그램\funtiton.c(356,7): warning C4996: 'strcpy': This function or variable may be unsafe. Consider using strcpy_s instead. To disable deprecation, use _CRT_SECURE_NO_WARNINGS. See online help for details.
D:\BS\2023\1st\기초프로젝트1(PBL)\팀프로젝트\보고서\쇼핑몰 관리 프로그램\funtiton.c(403,10): warning C4996: 'scanf': This function or variable may be unsafe. Consider using scanf_s instead. To disable deprecation, use _CRT_SECURE_NO_WARNINGS. See online help for details.
D:\BS\2023\1st\기초프로젝트1(PBL)\팀프로젝트\보고서\쇼핑몰 관리 프로그램\funtiton.c(411,16): warning C4996: 'scanf': This function or variable may be unsafe. Consider using scanf_s instead. To disable deprecation, use _CRT_SECURE_NO_WARNINGS. See online help for details.
D:\BS\2023\1st\기초프로젝트1(PBL)\팀프로젝트\보고서\쇼핑몰 관리 프로그램\funtiton.c(448,6): warning C4101: 'end' :참조되지 않은 지역 변수입니다.
D:\BS\2023\1st\기초프로젝트1(PBL)\팀프로젝트\보고서\쇼핑몰 관리 프로그램\funtiton.c(478,3): warning C4996: 'strcpy': This function or variable may be unsafe. Consider using strcpy_s instead. To disable deprecation, use _CRT_SECURE_NO_WARNINGS. See online help for details.
D:\BS\2023\1st\기초프로젝트1(PBL)\팀프로젝트\보고서\쇼핑몰 관리 프로그램\funtiton.c(520,13): warning C4996: 'fopen': This function or variable may be unsafe. Consider using fopen_s instead. To disable deprecation, use _CRT_SECURE_NO_WARNINGS. See online help for details.
D:\BS\2023\1st\기초프로젝트1(PBL)\팀프로젝트\보고서\쇼핑몰 관리 프로그램\funtiton.c(544,2): warning C4996: 'scanf': This function or variable may be unsafe. Consider using scanf_s instead. To disable deprecation, use _CRT_SECURE_NO_WARNINGS. See online help for details.
  코드를 생성하고 있습니다...
D:\BS\2023\1st\기초프로젝트1(PBL)\팀프로젝트\보고서\쇼핑몰 관리 프로그램\funtiton.c(302): warning C4715: 'log_in': 모든 제어 경로에서 값을 반환하지는 않습니다.
  manager_program.vcxproj -> D:\BS\2023\1st\기초프로젝트1(PBL)\팀프로젝트\보고서\쇼핑몰 관리 프로그램\x64\Debug\manager_program.exe
